<?xml version="1.0" encoding="UTF-8"?>
<!-- Generated by org.testng.reporters.JUnitReportReporter -->
<testsuite hostname="DESKTOP-BGLF0DE" failures="0" tests="1" name="test.SampleTest" time="0.027" errors="0" timestamp="2025-01-06T23:20:01 IST" skipped="0">
  <testcase classname="test.SampleTest" name="testMethod" time="0.027"/>
  <system-out/>
</testsuite> <!-- test.SampleTest -->
