<?xml version="1.0" encoding="UTF-8"?>
<!-- Generated by org.testng.reporters.JUnitReportReporter -->
<testsuite hostname="DESKTOP-BGLF0DE" failures="0" tests="1" name="practice.TestNGPractice" time="0.023" errors="0" timestamp="2025-01-09T10:53:37 IST" skipped="0">
  <testcase classname="practice.TestNGPractice" name="sampleTest1" time="0.023"/>
  <system-out/>
</testsuite> <!-- practice.TestNGPractice -->
