<?xml version="1.0" encoding="UTF-8"?>
<!-- Generated by org.testng.reporters.JUnitReportReporter -->
<testsuite hostname="DESKTOP-BGLF0DE" failures="0" tests="1" name="swagLabs.InventoryTests.RemoveProductTest" time="3.832" errors="0" timestamp="2025-01-15T12:31:40 IST" skipped="0">
  <testcase classname="swagLabs.InventoryTests.RemoveProductTest" name="tc_002_removeProductTest" time="3.832"/>
  <system-out/>
</testsuite> <!-- swagLabs.InventoryTests.RemoveProductTest -->
