<?xml version="1.0" encoding="UTF-8"?>
<!-- Generated by org.testng.reporters.JUnitXMLReporter -->
<testsuite ignored="0" hostname="DESKTOP-BGLF0DE" failures="0" tests="1" name="Test-Runner-2" time="20.368" errors="0" timestamp="2025-01-15T12:31:38 IST">
  <testcase classname="swagLabs.InventoryTests.RemoveProductTest" name="tc_002_removeProductTest" time="0.007"/>
</testsuite> <!-- Test-Runner-2 -->
